<?xml version="1.0" encoding="UTF-8"?>
<testsuite name="JUnit Vintage" tests="0" skipped="0" failures="0" errors="0" time="0.004" hostname="luciano-HP-Pavilion-Sleekbook-15" timestamp="2021-09-10T06:22:09">
<properties>
<property name="awt.toolkit" value="sun.awt.X11.XToolkit"/>
<property name="file.encoding" value="UTF-8"/>
<property name="file.separator" value="/"/>
<property name="java.awt.graphicsenv" value="sun.awt.X11GraphicsEnvironment"/>
<property name="java.awt.printerjob" value="sun.print.PSPrinterJob"/>
<property name="java.class.path" value="../lib/junit-platform-console-standalone-1.7.0-all.jar"/>
<property name="java.class.version" value="55.0"/>
<property name="java.home" value="/usr/lib/jvm/java-11-openjdk-amd64"/>
<property name="java.io.tmpdir" value="/tmp"/>
<property name="java.library.path" value="/usr/java/packages/lib:/usr/lib/x86_64-linux-gnu/jni:/lib/x86_64-linux-gnu:/usr/lib/x86_64-linux-gnu:/usr/lib/jni:/lib:/usr/lib"/>
<property name="java.runtime.name" value="OpenJDK Runtime Environment"/>
<property name="java.runtime.version" value="11.0.11+9-Ubuntu-0ubuntu2.20.04"/>
<property name="java.specification.name" value="Java Platform API Specification"/>
<property name="java.specification.vendor" value="Oracle Corporation"/>
<property name="java.specification.version" value="11"/>
<property name="java.vendor" value="Ubuntu"/>
<property name="java.vendor.url" value="https://ubuntu.com/"/>
<property name="java.vendor.url.bug" value="https://bugs.launchpad.net/ubuntu/+source/openjdk-lts"/>
<property name="java.version" value="11.0.11"/>
<property name="java.version.date" value="2021-04-20"/>
<property name="java.vm.compressedOopsMode" value="32-bit"/>
<property name="java.vm.info" value="mixed mode"/>
<property name="java.vm.name" value="OpenJDK 64-Bit Server VM"/>
<property name="java.vm.specification.name" value="Java Virtual Machine Specification"/>
<property name="java.vm.specification.vendor" value="Oracle Corporation"/>
<property name="java.vm.specification.version" value="11"/>
<property name="java.vm.vendor" value="Ubuntu"/>
<property name="java.vm.version" value="11.0.11+9-Ubuntu-0ubuntu2.20.04"/>
<property name="jdk.debug" value="release"/>
<property name="line.separator" value="
"/>
<property name="os.arch" value="amd64"/>
<property name="os.name" value="Linux"/>
<property name="os.version" value="5.11.0-34-generic"/>
<property name="path.separator" value=":"/>
<property name="sun.arch.data.model" value="64"/>
<property name="sun.boot.library.path" value="/usr/lib/jvm/java-11-openjdk-amd64/lib"/>
<property name="sun.cpu.endian" value="little"/>
<property name="sun.cpu.isalist" value=""/>
<property name="sun.desktop" value="gnome"/>
<property name="sun.io.unicode.encoding" value="UnicodeLittle"/>
<property name="sun.java.command" value="../lib/junit-platform-console-standalone-1.7.0-all.jar -cp . --select-class PokedexTest --reports-dir=reports"/>
<property name="sun.java.launcher" value="SUN_STANDARD"/>
<property name="sun.jnu.encoding" value="UTF-8"/>
<property name="sun.management.compiler" value="HotSpot 64-Bit Tiered Compilers"/>
<property name="sun.os.patch.level" value="unknown"/>
<property name="user.country" value="US"/>
<property name="user.dir" value="/home/luciano/pokedex/app/pokedex_test/test"/>
<property name="user.home" value="/home/luciano"/>
<property name="user.language" value="en"/>
<property name="user.name" value="luciano"/>
<property name="user.timezone" value="America/Argentina/Buenos_Aires"/>
</properties>
<system-out><![CDATA[
unique-id: [engine:junit-vintage]
display-name: JUnit Vintage
]]></system-out>
</testsuite>
