<?xml version="1.0" encoding="UTF-8"?>
<testsuite name="JUnit Jupiter" tests="10" skipped="0" failures="0" errors="0" time="0.22" hostname="luciano-HP-Pavilion-Sleekbook-15" timestamp="2021-09-10T18:57:47">
<properties>
<property name="awt.toolkit" value="sun.awt.X11.XToolkit"/>
<property name="file.encoding" value="UTF-8"/>
<property name="file.separator" value="/"/>
<property name="java.awt.graphicsenv" value="sun.awt.X11GraphicsEnvironment"/>
<property name="java.awt.printerjob" value="sun.print.PSPrinterJob"/>
<property name="java.class.path" value="../lib/junit-platform-console-standalone-1.7.0-all.jar"/>
<property name="java.class.version" value="55.0"/>
<property name="java.home" value="/usr/lib/jvm/java-11-openjdk-amd64"/>
<property name="java.io.tmpdir" value="/tmp"/>
<property name="java.library.path" value="/usr/java/packages/lib:/usr/lib/x86_64-linux-gnu/jni:/lib/x86_64-linux-gnu:/usr/lib/x86_64-linux-gnu:/usr/lib/jni:/lib:/usr/lib"/>
<property name="java.runtime.name" value="OpenJDK Runtime Environment"/>
<property name="java.runtime.version" value="11.0.11+9-Ubuntu-0ubuntu2.20.04"/>
<property name="java.specification.name" value="Java Platform API Specification"/>
<property name="java.specification.vendor" value="Oracle Corporation"/>
<property name="java.specification.version" value="11"/>
<property name="java.vendor" value="Ubuntu"/>
<property name="java.vendor.url" value="https://ubuntu.com/"/>
<property name="java.vendor.url.bug" value="https://bugs.launchpad.net/ubuntu/+source/openjdk-lts"/>
<property name="java.version" value="11.0.11"/>
<property name="java.version.date" value="2021-04-20"/>
<property name="java.vm.compressedOopsMode" value="32-bit"/>
<property name="java.vm.info" value="mixed mode"/>
<property name="java.vm.name" value="OpenJDK 64-Bit Server VM"/>
<property name="java.vm.specification.name" value="Java Virtual Machine Specification"/>
<property name="java.vm.specification.vendor" value="Oracle Corporation"/>
<property name="java.vm.specification.version" value="11"/>
<property name="java.vm.vendor" value="Ubuntu"/>
<property name="java.vm.version" value="11.0.11+9-Ubuntu-0ubuntu2.20.04"/>
<property name="jdk.debug" value="release"/>
<property name="line.separator" value="
"/>
<property name="os.arch" value="amd64"/>
<property name="os.name" value="Linux"/>
<property name="os.version" value="5.11.0-34-generic"/>
<property name="path.separator" value=":"/>
<property name="sun.arch.data.model" value="64"/>
<property name="sun.boot.library.path" value="/usr/lib/jvm/java-11-openjdk-amd64/lib"/>
<property name="sun.cpu.endian" value="little"/>
<property name="sun.cpu.isalist" value=""/>
<property name="sun.desktop" value="gnome"/>
<property name="sun.io.unicode.encoding" value="UnicodeLittle"/>
<property name="sun.java.command" value="../lib/junit-platform-console-standalone-1.7.0-all.jar -cp . --select-class PokedexTest --reports-dir=reports"/>
<property name="sun.java.launcher" value="SUN_STANDARD"/>
<property name="sun.jnu.encoding" value="UTF-8"/>
<property name="sun.management.compiler" value="HotSpot 64-Bit Tiered Compilers"/>
<property name="sun.os.patch.level" value="unknown"/>
<property name="user.country" value="US"/>
<property name="user.dir" value="/home/luciano/pokedex/app/test"/>
<property name="user.home" value="/home/luciano"/>
<property name="user.language" value="en"/>
<property name="user.name" value="luciano"/>
<property name="user.timezone" value="America/Argentina/Buenos_Aires"/>
</properties>
<testcase name="Test10APokemonInformationCanBeUpdated()" classname="PokedexTest" time="0.061">
<system-out><![CDATA[
unique-id: [engine:junit-jupiter]/[class:PokedexTest]/[method:Test10APokemonInformationCanBeUpdated()]
display-name: Test10APokemonInformationCanBeUpdated()
]]></system-out>
</testcase>
<testcase name="Test03IfAPokemonIsNotInTheDatabaseThenICanNotGetItIfILookForIt()" classname="PokedexTest" time="0.004">
<system-out><![CDATA[
unique-id: [engine:junit-jupiter]/[class:PokedexTest]/[method:Test03IfAPokemonIsNotInTheDatabaseThenICanNotGetItIfILookForIt()]
display-name: Test03IfAPokemonIsNotInTheDatabaseThenICanNotGetItIfILookForIt()
]]></system-out>
</testcase>
<testcase name="Test08GivenASpecificPokemonNameItsEvolutionsAreRetrievedFromTheDatabase()" classname="PokedexTest" time="0.003">
<system-out><![CDATA[
unique-id: [engine:junit-jupiter]/[class:PokedexTest]/[method:Test08GivenASpecificPokemonNameItsEvolutionsAreRetrievedFromTheDatabase()]
display-name: Test08GivenASpecificPokemonNameItsEvolutionsAreRetrievedFromTheDatabase()
]]></system-out>
</testcase>
<testcase name="Test01AllPokemonsAreRegisteredOnTheDatabase()" classname="PokedexTest" time="0.006">
<system-out><![CDATA[
unique-id: [engine:junit-jupiter]/[class:PokedexTest]/[method:Test01AllPokemonsAreRegisteredOnTheDatabase()]
display-name: Test01AllPokemonsAreRegisteredOnTheDatabase()
]]></system-out>
</testcase>
<testcase name="Test02ICanNotAddARepeatedPokemonToTheDatabase()" classname="PokedexTest" time="0.003">
<system-out><![CDATA[
unique-id: [engine:junit-jupiter]/[class:PokedexTest]/[method:Test02ICanNotAddARepeatedPokemonToTheDatabase()]
display-name: Test02ICanNotAddARepeatedPokemonToTheDatabase()
]]></system-out>
</testcase>
<testcase name="Test09IfAddANewPokemonToThePokedexItRemainsSavedOnItsDatabase()" classname="PokedexTest" time="0.009">
<system-out><![CDATA[
unique-id: [engine:junit-jupiter]/[class:PokedexTest]/[method:Test09IfAddANewPokemonToThePokedexItRemainsSavedOnItsDatabase()]
display-name: Test09IfAddANewPokemonToThePokedexItRemainsSavedOnItsDatabase()
]]></system-out>
</testcase>
<testcase name="Test07GivenASpecificPokemonNameItsAbilitiesAreRetrievedFromTheDatabase()" classname="PokedexTest" time="0.003">
<system-out><![CDATA[
unique-id: [engine:junit-jupiter]/[class:PokedexTest]/[method:Test07GivenASpecificPokemonNameItsAbilitiesAreRetrievedFromTheDatabase()]
display-name: Test07GivenASpecificPokemonNameItsAbilitiesAreRetrievedFromTheDatabase()
]]></system-out>
</testcase>
<testcase name="Test05GivenASpecificPokemonNameItsTypeIsRetrievedFromTheDatabase()" classname="PokedexTest" time="0.003">
<system-out><![CDATA[
unique-id: [engine:junit-jupiter]/[class:PokedexTest]/[method:Test05GivenASpecificPokemonNameItsTypeIsRetrievedFromTheDatabase()]
display-name: Test05GivenASpecificPokemonNameItsTypeIsRetrievedFromTheDatabase()
]]></system-out>
</testcase>
<testcase name="Test06GivenASpecificPokemonNameItsLevelWhenWasFoundIsRetrievedFromTheDatabase()" classname="PokedexTest" time="0.002">
<system-out><![CDATA[
unique-id: [engine:junit-jupiter]/[class:PokedexTest]/[method:Test06GivenASpecificPokemonNameItsLevelWhenWasFoundIsRetrievedFromTheDatabase()]
display-name: Test06GivenASpecificPokemonNameItsLevelWhenWasFoundIsRetrievedFromTheDatabase()
]]></system-out>
</testcase>
<testcase name="Test04GivenASpecificPokemonNameItsNameIsRetrievedFromTheDatabase()" classname="PokedexTest" time="0.002">
<system-out><![CDATA[
unique-id: [engine:junit-jupiter]/[class:PokedexTest]/[method:Test04GivenASpecificPokemonNameItsNameIsRetrievedFromTheDatabase()]
display-name: Test04GivenASpecificPokemonNameItsNameIsRetrievedFromTheDatabase()
]]></system-out>
</testcase>
<system-out><![CDATA[
unique-id: [engine:junit-jupiter]
display-name: JUnit Jupiter
]]></system-out>
</testsuite>
